C:\Program Files (x86)\Microsoft Visual Studio\2019\Professional\MSBuild\Microsoft\VC\v160\Microsoft.CppBuild.targets(459,5): warning MSB8028: The intermediate directory (x64\Release\) contains files shared from another project (ProiectCUDA.vcxproj).  This can lead to incorrect clean and rebuild behavior.
  Compiling CUDA source file File.cu...
  
  C:\Users\MSI\Desktop\Informatica\Anul III\PPD - Programare paralela si distribuita\ProiectCUDA>"C:\Program Files\NVIDIA GPU Computing Toolkit\CUDA\v11.5\bin\nvcc.exe" -gencode=arch=compute_52,code=\"sm_52,compute_52\" --use-local-env -ccbin "C:\Program Files (x86)\Microsoft Visual Studio\2019\Professional\VC\Tools\MSVC\14.24.28314\bin\HostX86\x64" -x cu   -I"C:\Program Files\NVIDIA GPU Computing Toolkit\CUDA\v11.5\include" -I"C:\Program Files\NVIDIA GPU Computing Toolkit\CUDA\v11.5\include"     --keep-dir x64\Release  -maxrregcount=0  --machine 64 --compile -cudart static    -DNDEBUG -D_CONSOLE -D_UNICODE -DUNICODE -Xcompiler "/EHsc /W3 /nologo /O2 /Fdx64\Release\vc142.pdb /FS   /MD " -o x64\Release\File.cu.obj "C:\Users\MSI\Desktop\Informatica\Anul III\PPD - Programare paralela si distribuita\ProiectCUDA\File.cu" 
  File.cu
  Compiler Passes:
   C:\Program Files (x86)\Microsoft Visual Studio\2019\Professional\VC\Tools\MSVC\14.24.28314\bin\HostX86\x64\CL.exe:        Version 19.24.28314.0
   C:\Program Files (x86)\Microsoft Visual Studio\2019\Professional\VC\Tools\MSVC\14.24.28314\bin\HostX86\x64\c1.dll:        Version 19.24.28314.0
   C:\Program Files (x86)\Microsoft Visual Studio\2019\Professional\VC\Tools\MSVC\14.24.28314\bin\HostX86\x64\c1xx.dll:      Version 19.24.28314.0
   C:\Program Files (x86)\Microsoft Visual Studio\2019\Professional\VC\Tools\MSVC\14.24.28314\bin\HostX86\x64\c2.dll:        Version 19.24.28314.0
   C:\Program Files (x86)\Microsoft Visual Studio\2019\Professional\VC\Tools\MSVC\14.24.28314\bin\HostX86\x64\link.exe:      Version 14.24.28314.0
   C:\Program Files (x86)\Microsoft Visual Studio\2019\Professional\VC\Tools\MSVC\14.24.28314\bin\HostX86\x64\mspdb140.dll:  Version 14.24.28314.0
   C:\Program Files (x86)\Microsoft Visual Studio\2019\Professional\VC\Tools\MSVC\14.24.28314\bin\HostX86\x64\1033\clui.dll: Version 19.24.28314.0
  main.cpp
C:\Users\MSI\Desktop\Informatica\Anul III\PPD - Programare paralela si distribuita\ProiectCUDA\main.cpp(32,15): warning C4244: 'argument': conversion from 'time_t' to 'unsigned int', possible loss of data
     Creating library C:\Users\MSI\Desktop\Informatica\Anul III\PPD - Programare paralela si distribuita\ProiectCUDA\x64\Release\cuda_proba.lib and object C:\Users\MSI\Desktop\Informatica\Anul III\PPD - Programare paralela si distribuita\ProiectCUDA\x64\Release\cuda_proba.exp
  Generating code
  0 of 147 functions ( 0.0%) were compiled, the rest were copied from previous compilation.
    0 functions were new in current compilation
    0 functions had inline decision re-evaluated but remain unchanged
  Finished generating code
  cuda_proba.vcxproj -> C:\Users\MSI\Desktop\Informatica\Anul III\PPD - Programare paralela si distribuita\ProiectCUDA\x64\Release\cuda_proba.exe
