c:\users\msi\desktop\informatica\anul iii\ppd - programare paralela si distribuita\cuda_proba\x64\release\vc142.pdb
c:\users\msi\desktop\informatica\anul iii\ppd - programare paralela si distribuita\cuda_proba\x64\release\cuda_proba.obj
c:\users\msi\desktop\informatica\anul iii\ppd - programare paralela si distribuita\proiectcuda\x64\release\vc142.pdb
c:\users\msi\desktop\informatica\anul iii\ppd - programare paralela si distribuita\proiectcuda\x64\release\main.obj
x64\release\file.cu.obj
c:\users\msi\desktop\informatica\anul iii\ppd - programare paralela si distribuita\cuda_proba\x64\release\cuda_proba.lib
c:\users\msi\desktop\informatica\anul iii\ppd - programare paralela si distribuita\cuda_proba\x64\release\cuda_proba.exp
c:\users\msi\desktop\informatica\anul iii\ppd - programare paralela si distribuita\cuda_proba\x64\release\cuda_proba.ipdb
c:\users\msi\desktop\informatica\anul iii\ppd - programare paralela si distribuita\cuda_proba\x64\release\cuda_proba.iobj
c:\users\msi\desktop\informatica\anul iii\ppd - programare paralela si distribuita\proiectcuda\x64\release\cuda_proba.lib
c:\users\msi\desktop\informatica\anul iii\ppd - programare paralela si distribuita\proiectcuda\x64\release\cuda_proba.exp
c:\users\msi\desktop\informatica\anul iii\ppd - programare paralela si distribuita\proiectcuda\x64\release\cuda_proba.ipdb
c:\users\msi\desktop\informatica\anul iii\ppd - programare paralela si distribuita\proiectcuda\x64\release\cuda_proba.iobj
c:\users\msi\desktop\informatica\anul iii\ppd - programare paralela si distribuita\cuda_proba\x64\release\cuda_proba.exe
c:\users\msi\desktop\informatica\anul iii\ppd - programare paralela si distribuita\cuda_proba\x64\release\cuda_proba.pdb
c:\users\msi\desktop\informatica\anul iii\ppd - programare paralela si distribuita\proiectcuda\x64\release\cuda_proba.exe
c:\users\msi\desktop\informatica\anul iii\ppd - programare paralela si distribuita\proiectcuda\x64\release\cuda_proba.pdb
c:\users\msi\desktop\informatica\anul iii\ppd - programare paralela si distribuita\proiectcuda\x64\release\cuda_proba.cpp.cache
c:\users\msi\desktop\informatica\anul iii\ppd - programare paralela si distribuita\proiectcuda\x64\release\file.cu.cache
c:\users\msi\desktop\informatica\anul iii\ppd - programare paralela si distribuita\proiectcuda\x64\release\cuda_proba.cpp.obj
c:\users\msi\desktop\informatica\anul iii\ppd - programare paralela si distribuita\proiectcuda\x64\release\cuda_proba.obj
c:\users\msi\desktop\informatica\anul iii\ppd - programare paralela si distribuita\proiectcuda\x64\release\file.cu.obj
c:\users\msi\desktop\informatica\anul iii\ppd - programare paralela si distribuita\proiectcuda\x64\release\proiectcuda.ipdb
c:\users\msi\desktop\informatica\anul iii\ppd - programare paralela si distribuita\proiectcuda\x64\release\proiectcuda.iobj
c:\users\msi\desktop\informatica\anul iii\ppd - programare paralela si distribuita\proiectcuda\x64\release\proiectcuda.exp
c:\users\msi\desktop\informatica\anul iii\ppd - programare paralela si distribuita\proiectcuda\x64\release\proiectcuda.pdb
c:\users\msi\desktop\informatica\anul iii\ppd - programare paralela si distribuita\proiectcuda\x64\release\cuda_proba.tlog\cl.command.1.tlog
c:\users\msi\desktop\informatica\anul iii\ppd - programare paralela si distribuita\proiectcuda\x64\release\cuda_proba.tlog\cl.read.1.tlog
c:\users\msi\desktop\informatica\anul iii\ppd - programare paralela si distribuita\proiectcuda\x64\release\cuda_proba.tlog\cl.write.1.tlog
c:\users\msi\desktop\informatica\anul iii\ppd - programare paralela si distribuita\proiectcuda\x64\release\cuda_proba.tlog\cudacompile.read.1u.tlog
c:\users\msi\desktop\informatica\anul iii\ppd - programare paralela si distribuita\proiectcuda\x64\release\cuda_proba.tlog\cudacompile.write.1u.tlog
c:\users\msi\desktop\informatica\anul iii\ppd - programare paralela si distribuita\proiectcuda\x64\release\cuda_proba.tlog\cuda_proba.write.1u.tlog
c:\users\msi\desktop\informatica\anul iii\ppd - programare paralela si distribuita\proiectcuda\x64\release\cuda_proba.tlog\link.command.1.tlog
c:\users\msi\desktop\informatica\anul iii\ppd - programare paralela si distribuita\proiectcuda\x64\release\cuda_proba.tlog\link.delete.1.tlog
c:\users\msi\desktop\informatica\anul iii\ppd - programare paralela si distribuita\proiectcuda\x64\release\cuda_proba.tlog\link.read.1.tlog
c:\users\msi\desktop\informatica\anul iii\ppd - programare paralela si distribuita\proiectcuda\x64\release\cuda_proba.tlog\link.write.1.tlog
